1
.........................O........................
...........................O......................
.............................O....................
...............................O..................
.................................O................
...................................O..............
.....................................O............
.......................................O..........
.........................................O........
...........................................O......
.............................................O....
...............................................O..
.................................................O
O.................................................
..O...............................................
....O.............................................
......O...........................................
.O................................................
...O..............................................
.....O............................................
............O.....................................
..............O...................................
................O.................................
..................O...............................
....................O.............................
......................O...........................
........................O.........................
..........................O.......................
............................O.....................
..............................O...................
................................O.................
..................................O...............
..........O.......................................
......................................O...........
........................................O.........
..........................................O.......
.........O........................................
..............................................O...
................................................O.
...............O..................................
............................................O.....
.......O..........................................
.....................O............................
........O.........................................
.............O....................................
....................................O.............
.......................O..........................
.................O................................
...................O..............................
...........O......................................


2
.........................O........................
...........................O......................
.............................O....................
...............................O..................
.................................O................
...................................O..............
.....................................O............
.......................................O..........
.........................................O........
...........................................O......
.............................................O....
...............................................O..
.................................................O
O.................................................
..O...............................................
....O.............................................
......O...........................................
.O................................................
...O..............................................
.....O............................................
............O.....................................
..............O...................................
................O.................................
..................O...............................
....................O.............................
......................O...........................
........................O.........................
..........................O.......................
............................O.....................
..............................O...................
................................O.................
..................................O...............
......................................O...........
........................................O.........
..........................................O.......
.......O..........................................
.........O........................................
...........O......................................
................................................O.
............................................O.....
.................O................................
..........O.......................................
..............................................O...
.....................O............................
.......................O..........................
....................................O.............
........O.........................................
.............O....................................
...............O..................................
...................O..............................


3
.........................O........................
...........................O......................
.............................O....................
...............................O..................
.................................O................
...................................O..............
.....................................O............
.......................................O..........
.........................................O........
...........................................O......
.............................................O....
...............................................O..
.................................................O
O.................................................
..O...............................................
....O.............................................
......O...........................................
.O................................................
...O..............................................
.....O............................................
............O.....................................
..............O...................................
................O.................................
..................O...............................
....................O.............................
......................O...........................
........................O.........................
..........................O.......................
............................O.....................
..............................O...................
................................O.................
..................................O...............
......................................O...........
........................................O.........
..........................................O.......
.......O..........................................
.........O........................................
.................O................................
................................................O.
............................................O.....
........O.........................................
..........O.......................................
..............................................O...
.....................O............................
.......................O..........................
....................................O.............
...........O......................................
.............O....................................
...............O..................................
...................O..............................


